2025-03-23 15:27:44,444 - starting strategy
2025-03-23 15:28:12,286 - Buy condition satisfied for TSLA
2025-03-23 15:28:12,557 - Closing order for TSLA
2025-03-23 15:28:14,001 - Closing position for TSLA
2025-03-23 15:28:15,232 - Buying 1 of TSLA at 249.45
2025-03-23 15:28:26,672 - Buying 1 of GOOG at 166.5
2025-03-23 15:28:32,754 - Buying 1 of NVDA at 117.64
2025-03-23 15:28:33,206 - {"code":40310000,"message":"cannot open a long buy while a short sell order is open"}
2025-03-23 15:28:38,840 - Buying 1 of AAPL at 217.8799
2025-03-23 15:28:39,297 - sent order to broker Buying 1 of AAPL at 217.8799
2025-03-23 15:28:43,548 - Buy condition satisfied for MSFT
2025-03-23 15:28:45,075 - Closing position for MSFT
2025-03-23 15:28:46,311 - Buying 1 of MSFT at 391.51
2025-03-23 15:28:58,647 - Buying 1 of AMD at 106.77
2025-03-23 15:28:59,195 - sent order to broker Buying 1 of AMD at 106.77
2025-03-23 15:29:00,438 - Placing stop order for 1 of MSFT at 813.2931
2025-03-23 15:29:00,779 - Stop order cannot be placed for MSFT
2025-03-23 15:29:14,585 - Buy condition satisfied for TSLA
2025-03-23 15:29:15,176 - Closing order for TSLA
2025-03-23 15:29:16,714 - Closing position for TSLA
2025-03-23 15:29:17,998 - Buying 1 of TSLA at 249.45
2025-03-23 15:29:41,738 - Buying 1 of GOOG at 166.5
2025-03-23 15:29:50,761 - Buying 1 of NVDA at 117.64
2025-03-23 15:29:51,355 - {"code":40310000,"message":"cannot open a long buy while a short sell order is open"}
2025-03-23 15:29:56,309 - Buying 1 of AAPL at 217.8799
2025-03-23 15:30:01,773 - Buy condition satisfied for MSFT
2025-03-23 15:30:02,100 - Closing order for MSFT
2025-03-23 15:32:04,523 - starting strategy
2025-03-23 15:33:09,773 - Buy condition satisfied for TSLA
2025-03-23 15:33:10,019 - Closing order for TSLA
2025-03-23 15:33:11,557 - Closing position for TSLA
2025-03-23 15:33:12,779 - Buying 1 of TSLA at 249.45
2025-03-23 15:33:23,651 - Buying 1 of GOOG at 166.5
2025-03-23 15:33:36,818 - Buying 1 of NVDA at 117.64
2025-03-23 15:33:38,127 - {"code":40310000,"message":"cannot open a long buy while a short sell order is open"}
2025-03-23 15:33:45,955 - Buying 1 of AAPL at 217.8799
2025-03-23 15:33:53,122 - Buy condition satisfied for MSFT
2025-03-23 15:33:54,574 - Closing position for MSFT
2025-03-23 15:33:55,867 - Buying 1 of MSFT at 391.51
2025-03-23 15:34:04,878 - Buying 1 of AMD at 106.77
2025-03-23 15:34:07,165 - Placing stop order for 1 of MSFT at 813.2931
2025-03-23 15:34:07,445 - Stop order cannot be placed for MSFT
